<?xml version="1.0" encoding="UTF-8"?>
<testng-results total="1" passed="1" failed="0" skipped="0">
  <reporter-output>
  </reporter-output>
  <suite started-at="2020-02-22T23:22:26Z" name="Default suite" finished-at="2020-02-22T23:22:40Z" duration-ms="13887">
    <groups>
    </groups>
    <test started-at="2020-02-22T23:22:26Z" name="Default test" finished-at="2020-02-22T23:22:40Z" duration-ms="13887">
      <class name="keywordDriven.Application">
        <test-method signature="getTextExe()[pri:0, instance:keywordDriven.Application@33723e30]" started-at="2020-02-22T18:22:26Z" name="getTextExe" finished-at="2020-02-22T18:22:40Z" duration-ms="13871" status="PASS">
          <reporter-output>
          </reporter-output>
        </test-method> <!-- getTextExe -->
      </class> <!-- keywordDriven.Application -->
    </test> <!-- Default test -->
  </suite> <!-- Default suite -->
</testng-results>
